-------------------------------------------------------------------------------
Test set: com.vi.tenantservice.api.service.TemplateServiceTest
-------------------------------------------------------------------------------
Tests run: 2, Failures: 0, Errors: 2, Skipped: 0, Time elapsed: 0.684 s <<< FAILURE! - in com.vi.tenantservice.api.service.TemplateServiceTest
getDefaultGermanDataProtectionTemplate_Should_ReturnTemplateDTO  Time elapsed: 0 s  <<< ERROR!
java.lang.IllegalStateException: Failed to load ApplicationContext for [WebMergedContextConfiguration@23106076 testClass = com.vi.tenantservice.api.service.TemplateServiceTest, locations = [], classes = [com.vi.tenantservice.TenantServiceApplication], contextInitializerClasses = [], activeProfiles = [], propertySourceLocations = [], propertySourceProperties = ["spring.profiles.active=testing", "org.springframework.boot.test.context.SpringBootTestContextBootstrapper=true"], contextCustomizers = [org.springframework.boot.test.context.filter.ExcludeFilterContextCustomizer@79f90a3a, org.springframework.boot.test.json.DuplicateJsonObjectContextCustomizerFactory$DuplicateJsonObjectContextCustomizer@32118208, org.springframework.boot.test.mock.mockito.MockitoContextCustomizer@0, org.springframework.boot.test.web.client.TestRestTemplateContextCustomizer@55fdf7f9, org.springframework.boot.test.autoconfigure.actuate.observability.ObservabilityContextCustomizerFactory$DisableObservabilityContextCustomizer@9da1, org.springframework.boot.test.autoconfigure.properties.PropertyMappingContextCustomizer@0, org.springframework.boot.test.autoconfigure.web.servlet.WebDriverContextCustomizerFactory$Customizer@3e8799f, org.springframework.boot.test.context.SpringBootTestAnnotation@62fe9f3e], resourceBasePath = "src/main/webapp", contextLoader = org.springframework.boot.test.context.SpringBootContextLoader, parent = null]
Caused by: org.springframework.beans.factory.BeanCreationException: Error creating bean with name 'entityManagerFactory' defined in class path resource [org/springframework/boot/autoconfigure/orm/jpa/HibernateJpaConfiguration.class]: Failed to instantiate [org.springframework.orm.jpa.LocalContainerEntityManagerFactoryBean]: Factory method 'entityManagerFactory' threw exception with message: Driver org.mariadb.jdbc.Driver claims to not accept jdbcUrl, jdbc:h2:mem:1439121f-fd8a-49a6-b5a3-43ec0198c93d;DB_CLOSE_DELAY=-1;DB_CLOSE_ON_EXIT=FALSE
Caused by: org.springframework.beans.BeanInstantiationException: Failed to instantiate [org.springframework.orm.jpa.LocalContainerEntityManagerFactoryBean]: Factory method 'entityManagerFactory' threw exception with message: Driver org.mariadb.jdbc.Driver claims to not accept jdbcUrl, jdbc:h2:mem:1439121f-fd8a-49a6-b5a3-43ec0198c93d;DB_CLOSE_DELAY=-1;DB_CLOSE_ON_EXIT=FALSE
Caused by: java.lang.RuntimeException: Driver org.mariadb.jdbc.Driver claims to not accept jdbcUrl, jdbc:h2:mem:1439121f-fd8a-49a6-b5a3-43ec0198c93d;DB_CLOSE_DELAY=-1;DB_CLOSE_ON_EXIT=FALSE

getMultilingualDataProtectionTemplate_Should_ReturnMapOfLanguagesForEnglishAndGerman  Time elapsed: 0.001 s  <<< ERROR!
java.lang.IllegalStateException: Failed to load ApplicationContext for [WebMergedContextConfiguration@23106076 testClass = com.vi.tenantservice.api.service.TemplateServiceTest, locations = [], classes = [com.vi.tenantservice.TenantServiceApplication], contextInitializerClasses = [], activeProfiles = [], propertySourceLocations = [], propertySourceProperties = ["spring.profiles.active=testing", "org.springframework.boot.test.context.SpringBootTestContextBootstrapper=true"], contextCustomizers = [org.springframework.boot.test.context.filter.ExcludeFilterContextCustomizer@79f90a3a, org.springframework.boot.test.json.DuplicateJsonObjectContextCustomizerFactory$DuplicateJsonObjectContextCustomizer@32118208, org.springframework.boot.test.mock.mockito.MockitoContextCustomizer@0, org.springframework.boot.test.web.client.TestRestTemplateContextCustomizer@55fdf7f9, org.springframework.boot.test.autoconfigure.actuate.observability.ObservabilityContextCustomizerFactory$DisableObservabilityContextCustomizer@9da1, org.springframework.boot.test.autoconfigure.properties.PropertyMappingContextCustomizer@0, org.springframework.boot.test.autoconfigure.web.servlet.WebDriverContextCustomizerFactory$Customizer@3e8799f, org.springframework.boot.test.context.SpringBootTestAnnotation@62fe9f3e], resourceBasePath = "src/main/webapp", contextLoader = org.springframework.boot.test.context.SpringBootContextLoader, parent = null]
Caused by: org.springframework.beans.factory.BeanCreationException: Error creating bean with name 'entityManagerFactory' defined in class path resource [org/springframework/boot/autoconfigure/orm/jpa/HibernateJpaConfiguration.class]: Failed to instantiate [org.springframework.orm.jpa.LocalContainerEntityManagerFactoryBean]: Factory method 'entityManagerFactory' threw exception with message: Driver org.mariadb.jdbc.Driver claims to not accept jdbcUrl, jdbc:h2:mem:dcad2cae-6961-472b-b2bc-8e924a327f7f;DB_CLOSE_DELAY=-1;DB_CLOSE_ON_EXIT=FALSE
Caused by: org.springframework.beans.BeanInstantiationException: Failed to instantiate [org.springframework.orm.jpa.LocalContainerEntityManagerFactoryBean]: Factory method 'entityManagerFactory' threw exception with message: Driver org.mariadb.jdbc.Driver claims to not accept jdbcUrl, jdbc:h2:mem:dcad2cae-6961-472b-b2bc-8e924a327f7f;DB_CLOSE_DELAY=-1;DB_CLOSE_ON_EXIT=FALSE
Caused by: java.lang.RuntimeException: Driver org.mariadb.jdbc.Driver claims to not accept jdbcUrl, jdbc:h2:mem:dcad2cae-6961-472b-b2bc-8e924a327f7f;DB_CLOSE_DELAY=-1;DB_CLOSE_ON_EXIT=FALSE

