<?xml version="1.0" encoding="UTF-8"?>
<testsuite xmlns:xsi="http://www.w3.org/2001/XMLSchema-instance" xsi:noNamespaceSchemaLocation="https://maven.apache.org/surefire/maven-surefire-plugin/xsd/surefire-test-report.xsd" name="com.vi.tenantservice.api.converter.ConsultingTypePatchDTOConverterTest" time="0.017" tests="3" errors="0" skipped="0" failures="0">
  <properties>
[...]
</properties>
  <testcase name="convertExtendedTenantSettings_Should_NotConvertNotificationsIfItsNull" classname="com.vi.tenantservice.api.converter.ConsultingTypePatchDTOConverterTest" time="0"/>
  <testcase name="convertToConsultingTypeServiceModel_Should_ConvertAllSettings" classname="com.vi.tenantservice.api.converter.ConsultingTypePatchDTOConverterTest" time="0.016"/>
  <testcase name="convertExtendedTenantSettings_Should_ConvertConsultingTypeSettings" classname="com.vi.tenantservice.api.converter.ConsultingTypePatchDTOConverterTest" time="0.001"/>
</testsuite>