<?xml version="1.0" encoding="UTF-8"?>
<testsuite xmlns:xsi="http://www.w3.org/2001/XMLSchema-instance" xsi:noNamespaceSchemaLocation="https://maven.apache.org/surefire/maven-surefire-plugin/xsd/surefire-test-report.xsd" name="com.vi.tenantservice.api.repository.TenantRepositoryTest" time="2.044" tests="5" errors="5" skipped="0" failures="0">
  <properties>
[...]
</properties>
  <testcase name="delete_Should_removeTenantById" classname="com.vi.tenantservice.api.repository.TenantRepositoryTest" time="0.051">
    <error message="could not prepare statement; SQL [select t1_0.id,t1_0.content_claim,t1_0.content_impressum,t1_0.content_privacy,t1_0.privacy_activation_date,t1_0.content_termsandconditions,t1_0.termsandconditions_activation_date,t1_0.create_date,t1_0.licensing_allowed_users,t1_0.name,t1_0.settings,t1_0.subdomain,t1_0.theming_association_logo,t1_0.theming_favicon,t1_0.theming_logo,t1_0.theming_primary_color,t1_0.theming_secondary_color,t1_0.update_date from tenant t1_0 where t1_0.id=?]" type="org.springframework.dao.InvalidDataAccessResourceUsageException">org.springframework.dao.InvalidDataAccessResourceUsageException: could not prepare statement; SQL [select t1_0.id,t1_0.content_claim,t1_0.content_impressum,t1_0.content_privacy,t1_0.privacy_activation_date,t1_0.content_termsandconditions,t1_0.termsandconditions_activation_date,t1_0.create_date,t1_0.licensing_allowed_users,t1_0.name,t1_0.settings,t1_0.subdomain,t1_0.theming_association_logo,t1_0.theming_favicon,t1_0.theming_logo,t1_0.theming_primary_color,t1_0.theming_secondary_color,t1_0.update_date from tenant t1_0 where t1_0.id=?]
	at com.vi.tenantservice.api.repository.TenantRepositoryTest.delete_Should_removeTenantById(TenantRepositoryTest.java:38)
Caused by: org.hibernate.exception.SQLGrammarException: could not prepare statement
	at com.vi.tenantservice.api.repository.TenantRepositoryTest.delete_Should_removeTenantById(TenantRepositoryTest.java:38)
Caused by: org.h2.jdbc.JdbcSQLSyntaxErrorException: 
Table "TENANT" not found (this database is empty); SQL statement:
select t1_0.id,t1_0.content_claim,t1_0.content_impressum,t1_0.content_privacy,t1_0.privacy_activation_date,t1_0.content_termsandconditions,t1_0.termsandconditions_activation_date,t1_0.create_date,t1_0.licensing_allowed_users,t1_0.name,t1_0.settings,t1_0.subdomain,t1_0.theming_association_logo,t1_0.theming_favicon,t1_0.theming_logo,t1_0.theming_primary_color,t1_0.theming_secondary_color,t1_0.update_date from tenant t1_0 where t1_0.id=? [42104-214]
	at com.vi.tenantservice.api.repository.TenantRepositoryTest.delete_Should_removeTenantById(TenantRepositoryTest.java:38)
</error>
    <system-out><![CDATA[2026-02-11T16:43:45.101Z  INFO [tenant-service,,] 2777691 --- [           main] t.c.s.AnnotationConfigContextLoaderUtils : Could not detect default configuration classes for test class [com.vi.tenantservice.api.repository.TenantRepositoryTest]: TenantRepositoryTest does not declare any static, non-private, non-final, nested classes annotated with @Configuration.
2026-02-11T16:43:45.112Z  INFO [tenant-service,,] 2777691 --- [           main] .b.t.c.SpringBootTestContextBootstrapper : Found @SpringBootConfiguration com.vi.tenantservice.TenantServiceApplication for test class com.vi.tenantservice.api.repository.TenantRepositoryTest

  .   ____          _            __ _ _
 /\\ / ___'_ __ _ _(_)_ __  __ _ \ \ \ \
( ( )\___ | '_ | '_| | '_ \/ _` | \ \ \ \
 \\/  ___)| |_)| | | | | || (_| |  ) ) ) )
  '  |____| .__|_| |_|_| |_\__, | / / / /
 =========|_|==============|___/=/_/_/_/
 :: Spring Boot ::                (v3.0.0)

2026-02-11T16:43:45.129Z  INFO [tenant-service,,] 2777691 --- [           main] c.v.t.a.repository.TenantRepositoryTest  : Starting TenantRepositoryTest using Java 17.0.18 with PID 2777691 (started by root in /root/online-beratung/ORISO-Complete/caritas-workspace/ORISO-TenantService)
2026-02-11T16:43:45.130Z DEBUG [tenant-service,,] 2777691 --- [           main] c.v.t.a.repository.TenantRepositoryTest  : Running with Spring Boot v3.0.0, Spring v6.0.2
2026-02-11T16:43:45.130Z  INFO [tenant-service,,] 2777691 --- [           main] c.v.t.a.repository.TenantRepositoryTest  : The following 1 profile is active: "testing"
2026-02-11T16:43:45.225Z  INFO [tenant-service,,] 2777691 --- [           main] .s.d.r.c.RepositoryConfigurationDelegate : Bootstrapping Spring Data JPA repositories in DEFAULT mode.
2026-02-11T16:43:45.239Z  INFO [tenant-service,,] 2777691 --- [           main] .s.d.r.c.RepositoryConfigurationDelegate : Finished Spring Data repository scanning in 13 ms. Found 1 JPA repository interfaces.
2026-02-11T16:43:45.245Z  INFO [tenant-service,,] 2777691 --- [           main] beddedDataSourceBeanFactoryPostProcessor : Replacing 'dataSource' DataSource bean with embedded version
2026-02-11T16:43:45.264Z  INFO [tenant-service,,] 2777691 --- [           main] o.s.j.d.e.EmbeddedDatabaseFactory        : Starting embedded database: url='jdbc:h2:mem:b925d7d2-117f-4a79-aa1a-2b7ebef292af;DB_CLOSE_DELAY=-1;DB_CLOSE_ON_EXIT=false', username='sa'
2026-02-11T16:43:45.681Z  INFO [tenant-service,,] 2777691 --- [           main] SQL dialect                              : HHH000400: Using dialect: org.hibernate.dialect.MariaDB103Dialect
2026-02-11T16:43:46.369Z DEBUG [tenant-service,,] 2777691 --- [           main] org.hibernate.SQL                        : 
    
    drop table if exists tenant
Hibernate: 
    
    drop table if exists tenant
2026-02-11T16:43:46.373Z DEBUG [tenant-service,,] 2777691 --- [           main] org.hibernate.SQL                        : 
    
    drop sequence sequence_tenant
Hibernate: 
    
    drop sequence sequence_tenant
2026-02-11T16:43:46.384Z DEBUG [tenant-service,,] 2777691 --- [           main] org.hibernate.SQL                        : create sequence sequence_tenant start with 1 increment by 1
Hibernate: create sequence sequence_tenant start with 1 increment by 1
2026-02-11T16:43:46.391Z DEBUG [tenant-service,,] 2777691 --- [           main] org.hibernate.SQL                        : 
    
    create table tenant (
       id bigint not null,
        content_claim varchar(255),
        content_impressum varchar(255),
        content_privacy varchar(255),
        privacy_activation_date datetime(6),
        content_termsandconditions varchar(255),
        termsandconditions_activation_date datetime(6),
        create_date datetime(6) not null,
        licensing_allowed_users integer,
        name varchar(255) not null,
        settings varchar(255),
        subdomain varchar(255) not null,
        theming_association_logo varchar(255),
        theming_favicon varchar(255),
        theming_logo varchar(255),
        theming_primary_color varchar(255),
        theming_secondary_color varchar(255),
        update_date datetime(6),
        primary key (id)
    ) engine=InnoDB
Hibernate: 
    
    create table tenant (
       id bigint not null,
        content_claim varchar(255),
        content_impressum varchar(255),
        content_privacy varchar(255),
        privacy_activation_date datetime(6),
        content_termsandconditions varchar(255),
        termsandconditions_activation_date datetime(6),
        create_date datetime(6) not null,
        licensing_allowed_users integer,
        name varchar(255) not null,
        settings varchar(255),
        subdomain varchar(255) not null,
        theming_association_logo varchar(255),
        theming_favicon varchar(255),
        theming_logo varchar(255),
        theming_primary_color varchar(255),
        theming_secondary_color varchar(255),
        update_date datetime(6),
        primary key (id)
    ) engine=InnoDB
2026-02-11T16:43:46.412Z  INFO [tenant-service,,] 2777691 --- [           main] j.LocalContainerEntityManagerFactoryBean : Initialized JPA EntityManagerFactory for persistence unit 'default'
2026-02-11T16:43:47.003Z  INFO [tenant-service,,] 2777691 --- [           main] c.v.t.a.repository.TenantRepositoryTest  : Started TenantRepositoryTest in 1.887 seconds (process running for 10.3)
2026-02-11T16:43:47.045Z DEBUG [tenant-service,,] 2777691 --- [           main] org.hibernate.SQL                        : 
    select
        t1_0.id,
        t1_0.content_claim,
        t1_0.content_impressum,
        t1_0.content_privacy,
        t1_0.privacy_activation_date,
        t1_0.content_termsandconditions,
        t1_0.termsandconditions_activation_date,
        t1_0.create_date,
        t1_0.licensing_allowed_users,
        t1_0.name,
        t1_0.settings,
        t1_0.subdomain,
        t1_0.theming_association_logo,
        t1_0.theming_favicon,
        t1_0.theming_logo,
        t1_0.theming_primary_color,
        t1_0.theming_secondary_color,
        t1_0.update_date 
    from
        tenant t1_0 
    where
        t1_0.id=?
Hibernate: 
    select
        t1_0.id,
        t1_0.content_claim,
        t1_0.content_impressum,
        t1_0.content_privacy,
        t1_0.privacy_activation_date,
        t1_0.content_termsandconditions,
        t1_0.termsandconditions_activation_date,
        t1_0.create_date,
        t1_0.licensing_allowed_users,
        t1_0.name,
        t1_0.settings,
        t1_0.subdomain,
        t1_0.theming_association_logo,
        t1_0.theming_favicon,
        t1_0.theming_logo,
        t1_0.theming_primary_color,
        t1_0.theming_secondary_color,
        t1_0.update_date 
    from
        tenant t1_0 
    where
        t1_0.id=?
2026-02-11T16:43:47.048Z ERROR [tenant-service,,] 2777691 --- [           main] o.h.engine.jdbc.spi.SqlExceptionHelper   : Table "TENANT" not found (this database is empty); SQL statement:
select t1_0.id,t1_0.content_claim,t1_0.content_impressum,t1_0.content_privacy,t1_0.privacy_activation_date,t1_0.content_termsandconditions,t1_0.termsandconditions_activation_date,t1_0.create_date,t1_0.licensing_allowed_users,t1_0.name,t1_0.settings,t1_0.subdomain,t1_0.theming_association_logo,t1_0.theming_favicon,t1_0.theming_logo,t1_0.theming_primary_color,t1_0.theming_secondary_color,t1_0.update_date from tenant t1_0 where t1_0.id=? [42104-214]
]]></system-out>
  </testcase>
  <testcase name="findBySubdomain_Should_FindTenantBySubdomain" classname="com.vi.tenantservice.api.repository.TenantRepositoryTest" time="0.036">
    <error message="could not prepare statement; SQL [select t1_0.id,t1_0.content_claim,t1_0.content_impressum,t1_0.content_privacy,t1_0.privacy_activation_date,t1_0.content_termsandconditions,t1_0.termsandconditions_activation_date,t1_0.create_date,t1_0.licensing_allowed_users,t1_0.name,t1_0.settings,t1_0.subdomain,t1_0.theming_association_logo,t1_0.theming_favicon,t1_0.theming_logo,t1_0.theming_primary_color,t1_0.theming_secondary_color,t1_0.update_date from tenant t1_0 where t1_0.subdomain=?]" type="org.springframework.dao.InvalidDataAccessResourceUsageException">org.springframework.dao.InvalidDataAccessResourceUsageException: could not prepare statement; SQL [select t1_0.id,t1_0.content_claim,t1_0.content_impressum,t1_0.content_privacy,t1_0.privacy_activation_date,t1_0.content_termsandconditions,t1_0.termsandconditions_activation_date,t1_0.create_date,t1_0.licensing_allowed_users,t1_0.name,t1_0.settings,t1_0.subdomain,t1_0.theming_association_logo,t1_0.theming_favicon,t1_0.theming_logo,t1_0.theming_primary_color,t1_0.theming_secondary_color,t1_0.update_date from tenant t1_0 where t1_0.subdomain=?]
	at com.vi.tenantservice.api.repository.TenantRepositoryTest.findBySubdomain_Should_FindTenantBySubdomain(TenantRepositoryTest.java:83)
Caused by: org.hibernate.exception.SQLGrammarException: could not prepare statement
	at com.vi.tenantservice.api.repository.TenantRepositoryTest.findBySubdomain_Should_FindTenantBySubdomain(TenantRepositoryTest.java:83)
Caused by: org.h2.jdbc.JdbcSQLSyntaxErrorException: 
Table "TENANT" not found (this database is empty); SQL statement:
select t1_0.id,t1_0.content_claim,t1_0.content_impressum,t1_0.content_privacy,t1_0.privacy_activation_date,t1_0.content_termsandconditions,t1_0.termsandconditions_activation_date,t1_0.create_date,t1_0.licensing_allowed_users,t1_0.name,t1_0.settings,t1_0.subdomain,t1_0.theming_association_logo,t1_0.theming_favicon,t1_0.theming_logo,t1_0.theming_primary_color,t1_0.theming_secondary_color,t1_0.update_date from tenant t1_0 where t1_0.subdomain=? [42104-214]
	at com.vi.tenantservice.api.repository.TenantRepositoryTest.findBySubdomain_Should_FindTenantBySubdomain(TenantRepositoryTest.java:83)
</error>
    <system-out><![CDATA[2026-02-11T16:43:47.092Z DEBUG [tenant-service,,] 2777691 --- [           main] org.hibernate.SQL                        : 
    select
        t1_0.id,
        t1_0.content_claim,
        t1_0.content_impressum,
        t1_0.content_privacy,
        t1_0.privacy_activation_date,
        t1_0.content_termsandconditions,
        t1_0.termsandconditions_activation_date,
        t1_0.create_date,
        t1_0.licensing_allowed_users,
        t1_0.name,
        t1_0.settings,
        t1_0.subdomain,
        t1_0.theming_association_logo,
        t1_0.theming_favicon,
        t1_0.theming_logo,
        t1_0.theming_primary_color,
        t1_0.theming_secondary_color,
        t1_0.update_date 
    from
        tenant t1_0 
    where
        t1_0.subdomain=?
Hibernate: 
    select
        t1_0.id,
        t1_0.content_claim,
        t1_0.content_impressum,
        t1_0.content_privacy,
        t1_0.privacy_activation_date,
        t1_0.content_termsandconditions,
        t1_0.termsandconditions_activation_date,
        t1_0.create_date,
        t1_0.licensing_allowed_users,
        t1_0.name,
        t1_0.settings,
        t1_0.subdomain,
        t1_0.theming_association_logo,
        t1_0.theming_favicon,
        t1_0.theming_logo,
        t1_0.theming_primary_color,
        t1_0.theming_secondary_color,
        t1_0.update_date 
    from
        tenant t1_0 
    where
        t1_0.subdomain=?
2026-02-11T16:43:47.093Z ERROR [tenant-service,,] 2777691 --- [           main] o.h.engine.jdbc.spi.SqlExceptionHelper   : Table "TENANT" not found (this database is empty); SQL statement:
select t1_0.id,t1_0.content_claim,t1_0.content_impressum,t1_0.content_privacy,t1_0.privacy_activation_date,t1_0.content_termsandconditions,t1_0.termsandconditions_activation_date,t1_0.create_date,t1_0.licensing_allowed_users,t1_0.name,t1_0.settings,t1_0.subdomain,t1_0.theming_association_logo,t1_0.theming_favicon,t1_0.theming_logo,t1_0.theming_primary_color,t1_0.theming_secondary_color,t1_0.update_date from tenant t1_0 where t1_0.subdomain=? [42104-214]
]]></system-out>
  </testcase>
  <testcase name="findById_Should_findTenantById" classname="com.vi.tenantservice.api.repository.TenantRepositoryTest" time="0.005">
    <error message="could not prepare statement; SQL [select t1_0.id,t1_0.content_claim,t1_0.content_impressum,t1_0.content_privacy,t1_0.privacy_activation_date,t1_0.content_termsandconditions,t1_0.termsandconditions_activation_date,t1_0.create_date,t1_0.licensing_allowed_users,t1_0.name,t1_0.settings,t1_0.subdomain,t1_0.theming_association_logo,t1_0.theming_favicon,t1_0.theming_logo,t1_0.theming_primary_color,t1_0.theming_secondary_color,t1_0.update_date from tenant t1_0 where t1_0.id=?]" type="org.springframework.dao.InvalidDataAccessResourceUsageException">org.springframework.dao.InvalidDataAccessResourceUsageException: could not prepare statement; SQL [select t1_0.id,t1_0.content_claim,t1_0.content_impressum,t1_0.content_privacy,t1_0.privacy_activation_date,t1_0.content_termsandconditions,t1_0.termsandconditions_activation_date,t1_0.create_date,t1_0.licensing_allowed_users,t1_0.name,t1_0.settings,t1_0.subdomain,t1_0.theming_association_logo,t1_0.theming_favicon,t1_0.theming_logo,t1_0.theming_primary_color,t1_0.theming_secondary_color,t1_0.update_date from tenant t1_0 where t1_0.id=?]
	at com.vi.tenantservice.api.repository.TenantRepositoryTest.findById_Should_findTenantById(TenantRepositoryTest.java:30)
Caused by: org.hibernate.exception.SQLGrammarException: could not prepare statement
	at com.vi.tenantservice.api.repository.TenantRepositoryTest.findById_Should_findTenantById(TenantRepositoryTest.java:30)
Caused by: org.h2.jdbc.JdbcSQLSyntaxErrorException: 
Table "TENANT" not found (this database is empty); SQL statement:
select t1_0.id,t1_0.content_claim,t1_0.content_impressum,t1_0.content_privacy,t1_0.privacy_activation_date,t1_0.content_termsandconditions,t1_0.termsandconditions_activation_date,t1_0.create_date,t1_0.licensing_allowed_users,t1_0.name,t1_0.settings,t1_0.subdomain,t1_0.theming_association_logo,t1_0.theming_favicon,t1_0.theming_logo,t1_0.theming_primary_color,t1_0.theming_secondary_color,t1_0.update_date from tenant t1_0 where t1_0.id=? [42104-214]
	at com.vi.tenantservice.api.repository.TenantRepositoryTest.findById_Should_findTenantById(TenantRepositoryTest.java:30)
</error>
    <system-out><![CDATA[2026-02-11T16:43:47.099Z DEBUG [tenant-service,,] 2777691 --- [           main] org.hibernate.SQL                        : 
    select
        t1_0.id,
        t1_0.content_claim,
        t1_0.content_impressum,
        t1_0.content_privacy,
        t1_0.privacy_activation_date,
        t1_0.content_termsandconditions,
        t1_0.termsandconditions_activation_date,
        t1_0.create_date,
        t1_0.licensing_allowed_users,
        t1_0.name,
        t1_0.settings,
        t1_0.subdomain,
        t1_0.theming_association_logo,
        t1_0.theming_favicon,
        t1_0.theming_logo,
        t1_0.theming_primary_color,
        t1_0.theming_secondary_color,
        t1_0.update_date 
    from
        tenant t1_0 
    where
        t1_0.id=?
Hibernate: 
    select
        t1_0.id,
        t1_0.content_claim,
        t1_0.content_impressum,
        t1_0.content_privacy,
        t1_0.privacy_activation_date,
        t1_0.content_termsandconditions,
        t1_0.termsandconditions_activation_date,
        t1_0.create_date,
        t1_0.licensing_allowed_users,
        t1_0.name,
        t1_0.settings,
        t1_0.subdomain,
        t1_0.theming_association_logo,
        t1_0.theming_favicon,
        t1_0.theming_logo,
        t1_0.theming_primary_color,
        t1_0.theming_secondary_color,
        t1_0.update_date 
    from
        tenant t1_0 
    where
        t1_0.id=?
2026-02-11T16:43:47.099Z ERROR [tenant-service,,] 2777691 --- [           main] o.h.engine.jdbc.spi.SqlExceptionHelper   : Table "TENANT" not found (this database is empty); SQL statement:
select t1_0.id,t1_0.content_claim,t1_0.content_impressum,t1_0.content_privacy,t1_0.privacy_activation_date,t1_0.content_termsandconditions,t1_0.termsandconditions_activation_date,t1_0.create_date,t1_0.licensing_allowed_users,t1_0.name,t1_0.settings,t1_0.subdomain,t1_0.theming_association_logo,t1_0.theming_favicon,t1_0.theming_logo,t1_0.theming_primary_color,t1_0.theming_secondary_color,t1_0.update_date from tenant t1_0 where t1_0.id=? [42104-214]
]]></system-out>
  </testcase>
  <testcase name="save_Should_saveTenant" classname="com.vi.tenantservice.api.repository.TenantRepositoryTest" time="0.038">
    <error message="could not prepare statement; SQL [insert into tenant (content_claim, content_impressum, content_privacy, privacy_activation_date, content_termsandconditions, termsandconditions_activation_date, create_date, licensing_allowed_users, name, settings, subdomain, theming_association_logo, theming_favicon, theming_logo, theming_primary_color, theming_secondary_color, update_date, id) values (?, ?, ?, ?, ?, ?, ?, ?, ?, ?, ?, ?, ?, ?, ?, ?, ?, ?)]" type="org.springframework.dao.InvalidDataAccessResourceUsageException">org.springframework.dao.InvalidDataAccessResourceUsageException: could not prepare statement; SQL [insert into tenant (content_claim, content_impressum, content_privacy, privacy_activation_date, content_termsandconditions, termsandconditions_activation_date, create_date, licensing_allowed_users, name, settings, subdomain, theming_association_logo, theming_favicon, theming_logo, theming_primary_color, theming_secondary_color, update_date, id) values (?, ?, ?, ?, ?, ?, ?, ?, ?, ?, ?, ?, ?, ?, ?, ?, ?, ?)]
	at com.vi.tenantservice.api.repository.TenantRepositoryTest.save_Should_saveTenant(TenantRepositoryTest.java:54)
Caused by: org.hibernate.exception.SQLGrammarException: could not prepare statement
	at com.vi.tenantservice.api.repository.TenantRepositoryTest.save_Should_saveTenant(TenantRepositoryTest.java:54)
Caused by: org.h2.jdbc.JdbcSQLSyntaxErrorException: 
Table "TENANT" not found (this database is empty); SQL statement:
insert into tenant (content_claim, content_impressum, content_privacy, privacy_activation_date, content_termsandconditions, termsandconditions_activation_date, create_date, licensing_allowed_users, name, settings, subdomain, theming_association_logo, theming_favicon, theming_logo, theming_primary_color, theming_secondary_color, update_date, id) values (?, ?, ?, ?, ?, ?, ?, ?, ?, ?, ?, ?, ?, ?, ?, ?, ?, ?) [42104-214]
	at com.vi.tenantservice.api.repository.TenantRepositoryTest.save_Should_saveTenant(TenantRepositoryTest.java:54)
</error>
    <system-out><![CDATA[2026-02-11T16:43:47.107Z DEBUG [tenant-service,,] 2777691 --- [           main] org.hibernate.SQL                        : 
    select
        next value for sequence_tenant
Hibernate: 
    select
        next value for sequence_tenant
2026-02-11T16:43:47.136Z DEBUG [tenant-service,,] 2777691 --- [           main] org.hibernate.SQL                        : 
    insert 
    into
        tenant
        (content_claim, content_impressum, content_privacy, privacy_activation_date, content_termsandconditions, termsandconditions_activation_date, create_date, licensing_allowed_users, name, settings, subdomain, theming_association_logo, theming_favicon, theming_logo, theming_primary_color, theming_secondary_color, update_date, id) 
    values
        (?, ?, ?, ?, ?, ?, ?, ?, ?, ?, ?, ?, ?, ?, ?, ?, ?, ?)
Hibernate: 
    insert 
    into
        tenant
        (content_claim, content_impressum, content_privacy, privacy_activation_date, content_termsandconditions, termsandconditions_activation_date, create_date, licensing_allowed_users, name, settings, subdomain, theming_association_logo, theming_favicon, theming_logo, theming_primary_color, theming_secondary_color, update_date, id) 
    values
        (?, ?, ?, ?, ?, ?, ?, ?, ?, ?, ?, ?, ?, ?, ?, ?, ?, ?)
2026-02-11T16:43:47.137Z ERROR [tenant-service,,] 2777691 --- [           main] o.h.engine.jdbc.spi.SqlExceptionHelper   : Table "TENANT" not found (this database is empty); SQL statement:
insert into tenant (content_claim, content_impressum, content_privacy, privacy_activation_date, content_termsandconditions, termsandconditions_activation_date, create_date, licensing_allowed_users, name, settings, subdomain, theming_association_logo, theming_favicon, theming_logo, theming_primary_color, theming_secondary_color, update_date, id) values (?, ?, ?, ?, ?, ?, ?, ?, ?, ?, ?, ?, ?, ?, ?, ?, ?, ?) [42104-214]
]]></system-out>
  </testcase>
  <testcase name="save_Should_updateTenant" classname="com.vi.tenantservice.api.repository.TenantRepositoryTest" time="0.005">
    <error message="could not prepare statement; SQL [select t1_0.id,t1_0.content_claim,t1_0.content_impressum,t1_0.content_privacy,t1_0.privacy_activation_date,t1_0.content_termsandconditions,t1_0.termsandconditions_activation_date,t1_0.create_date,t1_0.licensing_allowed_users,t1_0.name,t1_0.settings,t1_0.subdomain,t1_0.theming_association_logo,t1_0.theming_favicon,t1_0.theming_logo,t1_0.theming_primary_color,t1_0.theming_secondary_color,t1_0.update_date from tenant t1_0 where t1_0.id=?]" type="org.springframework.dao.InvalidDataAccessResourceUsageException">org.springframework.dao.InvalidDataAccessResourceUsageException: could not prepare statement; SQL [select t1_0.id,t1_0.content_claim,t1_0.content_impressum,t1_0.content_privacy,t1_0.privacy_activation_date,t1_0.content_termsandconditions,t1_0.termsandconditions_activation_date,t1_0.create_date,t1_0.licensing_allowed_users,t1_0.name,t1_0.settings,t1_0.subdomain,t1_0.theming_association_logo,t1_0.theming_favicon,t1_0.theming_logo,t1_0.theming_primary_color,t1_0.theming_secondary_color,t1_0.update_date from tenant t1_0 where t1_0.id=?]
	at com.vi.tenantservice.api.repository.TenantRepositoryTest.save_Should_updateTenant(TenantRepositoryTest.java:65)
Caused by: org.hibernate.exception.SQLGrammarException: could not prepare statement
	at com.vi.tenantservice.api.repository.TenantRepositoryTest.save_Should_updateTenant(TenantRepositoryTest.java:65)
Caused by: org.h2.jdbc.JdbcSQLSyntaxErrorException: 
Table "TENANT" not found (this database is empty); SQL statement:
select t1_0.id,t1_0.content_claim,t1_0.content_impressum,t1_0.content_privacy,t1_0.privacy_activation_date,t1_0.content_termsandconditions,t1_0.termsandconditions_activation_date,t1_0.create_date,t1_0.licensing_allowed_users,t1_0.name,t1_0.settings,t1_0.subdomain,t1_0.theming_association_logo,t1_0.theming_favicon,t1_0.theming_logo,t1_0.theming_primary_color,t1_0.theming_secondary_color,t1_0.update_date from tenant t1_0 where t1_0.id=? [42104-214]
	at com.vi.tenantservice.api.repository.TenantRepositoryTest.save_Should_updateTenant(TenantRepositoryTest.java:65)
</error>
    <system-out><![CDATA[2026-02-11T16:43:47.142Z DEBUG [tenant-service,,] 2777691 --- [           main] org.hibernate.SQL                        : 
    select
        t1_0.id,
        t1_0.content_claim,
        t1_0.content_impressum,
        t1_0.content_privacy,
        t1_0.privacy_activation_date,
        t1_0.content_termsandconditions,
        t1_0.termsandconditions_activation_date,
        t1_0.create_date,
        t1_0.licensing_allowed_users,
        t1_0.name,
        t1_0.settings,
        t1_0.subdomain,
        t1_0.theming_association_logo,
        t1_0.theming_favicon,
        t1_0.theming_logo,
        t1_0.theming_primary_color,
        t1_0.theming_secondary_color,
        t1_0.update_date 
    from
        tenant t1_0 
    where
        t1_0.id=?
Hibernate: 
    select
        t1_0.id,
        t1_0.content_claim,
        t1_0.content_impressum,
        t1_0.content_privacy,
        t1_0.privacy_activation_date,
        t1_0.content_termsandconditions,
        t1_0.termsandconditions_activation_date,
        t1_0.create_date,
        t1_0.licensing_allowed_users,
        t1_0.name,
        t1_0.settings,
        t1_0.subdomain,
        t1_0.theming_association_logo,
        t1_0.theming_favicon,
        t1_0.theming_logo,
        t1_0.theming_primary_color,
        t1_0.theming_secondary_color,
        t1_0.update_date 
    from
        tenant t1_0 
    where
        t1_0.id=?
2026-02-11T16:43:47.142Z ERROR [tenant-service,,] 2777691 --- [           main] o.h.engine.jdbc.spi.SqlExceptionHelper   : Table "TENANT" not found (this database is empty); SQL statement:
select t1_0.id,t1_0.content_claim,t1_0.content_impressum,t1_0.content_privacy,t1_0.privacy_activation_date,t1_0.content_termsandconditions,t1_0.termsandconditions_activation_date,t1_0.create_date,t1_0.licensing_allowed_users,t1_0.name,t1_0.settings,t1_0.subdomain,t1_0.theming_association_logo,t1_0.theming_favicon,t1_0.theming_logo,t1_0.theming_primary_color,t1_0.theming_secondary_color,t1_0.update_date from tenant t1_0 where t1_0.id=? [42104-214]
]]></system-out>
  </testcase>
</testsuite>